<?xml version="1.0" encoding="UTF-8"?>
<!-- Generated by org.testng.reporters.JUnitReportReporter -->
<testsuite hostname="CHN1-LHP-N62806" failures="0" tests="2" name="com.demo.LoginApp_Test" time="2.646" errors="0" timestamp="2022-04-13T15:25:37 IST" skipped="0">
  <testcase classname="com.demo.LoginApp_Test" name="testLogin" time="1.573"/>
  <system-out/>
  <testcase classname="com.demo.LoginApp_Test" name="testLogout" time="1.073"/>
  <system-out/>
</testsuite> <!-- com.demo.LoginApp_Test -->
